[31m[Nest] 22424  - [39m05/20/2026, 5:04:55 AM [31m  ERROR[39m [38;5;3m[NestApplication] [39m[31mError: listen EADDRINUSE: address already in use 0.0.0.0:3001[39m[38;5;3m +2ms[39m
node:net:1940
    const ex = new UVExceptionWithHostPort(err, 'listen', address, port);
               ^

Error: listen EADDRINUSE: address already in use 0.0.0.0:3001
    at Server.setupListenHandle [as _listen2] (node:net:1940:16)
    at listenInCluster (node:net:1997:12)
    at node:net:2206:7
    at process.processTicksAndRejections (node:internal/process/task_queues:89:21) {
  code: 'EADDRINUSE',
  errno: -4091,
  syscall: 'listen',
  address: '0.0.0.0',
  port: 3001
}

Node.js v24.13.0
[31m[Nest] 30084  - [39m05/20/2026, 6:10:37 AM [31m  ERROR[39m [38;5;3m[NestApplication] [39m[31mError: listen EADDRINUSE: address already in use 0.0.0.0:3001[39m[38;5;3m +2ms[39m
node:net:1940
    const ex = new UVExceptionWithHostPort(err, 'listen', address, port);
               ^

Error: listen EADDRINUSE: address already in use 0.0.0.0:3001
    at Server.setupListenHandle [as _listen2] (node:net:1940:16)
    at listenInCluster (node:net:1997:12)
    at node:net:2206:7
    at process.processTicksAndRejections (node:internal/process/task_queues:89:21) {
  code: 'EADDRINUSE',
  errno: -4091,
  syscall: 'listen',
  address: '0.0.0.0',
  port: 3001
}

Node.js v24.13.0
[31m[Nest] 31564  - [39m05/20/2026, 6:28:33 AM [31m  ERROR[39m [38;5;3m[NestApplication] [39m[31mError: listen EADDRINUSE: address already in use 0.0.0.0:3001[39m[38;5;3m +2ms[39m
node:net:1940
    const ex = new UVExceptionWithHostPort(err, 'listen', address, port);
               ^

Error: listen EADDRINUSE: address already in use 0.0.0.0:3001
    at Server.setupListenHandle [as _listen2] (node:net:1940:16)
    at listenInCluster (node:net:1997:12)
    at node:net:2206:7
    at process.processTicksAndRejections (node:internal/process/task_queues:89:21) {
  code: 'EADDRINUSE',
  errno: -4091,
  syscall: 'listen',
  address: '0.0.0.0',
  port: 3001
}

Node.js v24.13.0
[31m[Nest] 11284  - [39m05/20/2026, 6:31:18 AM [31m  ERROR[39m [38;5;3m[NestApplication] [39m[31mError: listen EADDRINUSE: address already in use 0.0.0.0:3001[39m[38;5;3m +2ms[39m
node:net:1940
    const ex = new UVExceptionWithHostPort(err, 'listen', address, port);
               ^

Error: listen EADDRINUSE: address already in use 0.0.0.0:3001
    at Server.setupListenHandle [as _listen2] (node:net:1940:16)
    at listenInCluster (node:net:1997:12)
    at node:net:2206:7
    at process.processTicksAndRejections (node:internal/process/task_queues:89:21) {
  code: 'EADDRINUSE',
  errno: -4091,
  syscall: 'listen',
  address: '0.0.0.0',
  port: 3001
}

Node.js v24.13.0
[31m[Nest] 29568  - [39m05/20/2026, 6:37:08 AM [31m  ERROR[39m [38;5;3m[NestApplication] [39m[31mError: listen EADDRINUSE: address already in use 0.0.0.0:3001[39m[38;5;3m +1ms[39m
node:net:1940
    const ex = new UVExceptionWithHostPort(err, 'listen', address, port);
               ^

Error: listen EADDRINUSE: address already in use 0.0.0.0:3001
    at Server.setupListenHandle [as _listen2] (node:net:1940:16)
    at listenInCluster (node:net:1997:12)
    at node:net:2206:7
    at process.processTicksAndRejections (node:internal/process/task_queues:89:21) {
  code: 'EADDRINUSE',
  errno: -4091,
  syscall: 'listen',
  address: '0.0.0.0',
  port: 3001
}

Node.js v24.13.0
[31m[Nest] 23800  - [39m05/20/2026, 6:39:39 AM [31m  ERROR[39m [38;5;3m[NestApplication] [39m[31mError: listen EADDRINUSE: address already in use 0.0.0.0:3001[39m[38;5;3m +2ms[39m
node:net:1940
    const ex = new UVExceptionWithHostPort(err, 'listen', address, port);
               ^

Error: listen EADDRINUSE: address already in use 0.0.0.0:3001
    at Server.setupListenHandle [as _listen2] (node:net:1940:16)
    at listenInCluster (node:net:1997:12)
    at node:net:2206:7
    at process.processTicksAndRejections (node:internal/process/task_queues:89:21) {
  code: 'EADDRINUSE',
  errno: -4091,
  syscall: 'listen',
  address: '0.0.0.0',
  port: 3001
}

Node.js v24.13.0
[31m[Nest] 23684  - [39m05/20/2026, 6:47:07 AM [31m  ERROR[39m [38;5;3m[NestApplication] [39m[31mError: listen EADDRINUSE: address already in use 0.0.0.0:3001[39m[38;5;3m +2ms[39m
node:net:1940
    const ex = new UVExceptionWithHostPort(err, 'listen', address, port);
               ^

Error: listen EADDRINUSE: address already in use 0.0.0.0:3001
    at Server.setupListenHandle [as _listen2] (node:net:1940:16)
    at listenInCluster (node:net:1997:12)
    at node:net:2206:7
    at process.processTicksAndRejections (node:internal/process/task_queues:89:21) {
  code: 'EADDRINUSE',
  errno: -4091,
  syscall: 'listen',
  address: '0.0.0.0',
  port: 3001
}

Node.js v24.13.0
[31m[Nest] 25968  - [39m05/24/2026, 2:19:41 PM [31m  ERROR[39m [38;5;3m[TypeOrmModule] [39m[31mUnable to connect to the database. Retrying (1)...[39m
Error: connect ETIMEDOUT
    at PoolConnection._handleTimeoutError (D:\xampp\htdocs\petukangan\backend\node_modules\mysql2\lib\base\connection.js:244:17)
    at listOnTimeout (node:internal/timers:605:17)
    at process.processTimers (node:internal/timers:541:7)
[31m[Nest] 25968  - [39m05/24/2026, 2:19:54 PM [31m  ERROR[39m [38;5;3m[TypeOrmModule] [39m[31mUnable to connect to the database. Retrying (2)...[39m
Error: connect ETIMEDOUT
    at PoolConnection._handleTimeoutError (D:\xampp\htdocs\petukangan\backend\node_modules\mysql2\lib\base\connection.js:244:17)
    at listOnTimeout (node:internal/timers:605:17)
    at process.processTimers (node:internal/timers:541:7)
[31m[Nest] 25968  - [39m05/24/2026, 2:20:07 PM [31m  ERROR[39m [38;5;3m[TypeOrmModule] [39m[31mUnable to connect to the database. Retrying (3)...[39m
Error: connect ETIMEDOUT
    at PoolConnection._handleTimeoutError (D:\xampp\htdocs\petukangan\backend\node_modules\mysql2\lib\base\connection.js:244:17)
    at listOnTimeout (node:internal/timers:605:17)
    at process.processTimers (node:internal/timers:541:7)
[31m[Nest] 25968  - [39m05/24/2026, 2:20:20 PM [31m  ERROR[39m [38;5;3m[TypeOrmModule] [39m[31mUnable to connect to the database. Retrying (4)...[39m
Error: connect ETIMEDOUT
    at PoolConnection._handleTimeoutError (D:\xampp\htdocs\petukangan\backend\node_modules\mysql2\lib\base\connection.js:244:17)
    at listOnTimeout (node:internal/timers:605:17)
    at process.processTimers (node:internal/timers:541:7)
[31m[Nest] 25968  - [39m05/24/2026, 2:20:33 PM [31m  ERROR[39m [38;5;3m[TypeOrmModule] [39m[31mUnable to connect to the database. Retrying (5)...[39m
Error: connect ETIMEDOUT
    at PoolConnection._handleTimeoutError (D:\xampp\htdocs\petukangan\backend\node_modules\mysql2\lib\base\connection.js:244:17)
    at listOnTimeout (node:internal/timers:605:17)
    at process.processTimers (node:internal/timers:541:7)
[31m[Nest] 25968  - [39m05/24/2026, 2:20:46 PM [31m  ERROR[39m [38;5;3m[TypeOrmModule] [39m[31mUnable to connect to the database. Retrying (6)...[39m
Error: connect ETIMEDOUT
    at PoolConnection._handleTimeoutError (D:\xampp\htdocs\petukangan\backend\node_modules\mysql2\lib\base\connection.js:244:17)
    at listOnTimeout (node:internal/timers:605:17)
    at process.processTimers (node:internal/timers:541:7)
[31m[Nest] 25968  - [39m05/24/2026, 2:20:59 PM [31m  ERROR[39m [38;5;3m[TypeOrmModule] [39m[31mUnable to connect to the database. Retrying (7)...[39m
Error: connect ETIMEDOUT
    at PoolConnection._handleTimeoutError (D:\xampp\htdocs\petukangan\backend\node_modules\mysql2\lib\base\connection.js:244:17)
    at listOnTimeout (node:internal/timers:605:17)
    at process.processTimers (node:internal/timers:541:7)
[31m[Nest] 25968  - [39m05/24/2026, 2:21:12 PM [31m  ERROR[39m [38;5;3m[TypeOrmModule] [39m[31mUnable to connect to the database. Retrying (8)...[39m
Error: connect ETIMEDOUT
    at PoolConnection._handleTimeoutError (D:\xampp\htdocs\petukangan\backend\node_modules\mysql2\lib\base\connection.js:244:17)
    at listOnTimeout (node:internal/timers:605:17)
    at process.processTimers (node:internal/timers:541:7)
[31m[Nest] 25968  - [39m05/24/2026, 2:21:25 PM [31m  ERROR[39m [38;5;3m[TypeOrmModule] [39m[31mUnable to connect to the database. Retrying (9)...[39m
Error: connect ETIMEDOUT
    at PoolConnection._handleTimeoutError (D:\xampp\htdocs\petukangan\backend\node_modules\mysql2\lib\base\connection.js:244:17)
    at listOnTimeout (node:internal/timers:605:17)
    at process.processTimers (node:internal/timers:541:7)
[31m[Nest] 25968  - [39m05/24/2026, 2:21:25 PM [31m  ERROR[39m [38;5;3m[ExceptionHandler] [39mError: connect ETIMEDOUT
    at PoolConnection._handleTimeoutError [90m(D:\xampp\htdocs\petukangan\backend\[39mnode_modules\[4mmysql2[24m\lib\base\connection.js:244:17[90m)[39m
[90m    at listOnTimeout (node:internal/timers:605:17)[39m
[90m    at process.processTimers (node:internal/timers:541:7)[39m {
  errorno: [32m'ETIMEDOUT'[39m,
  code: [32m'ETIMEDOUT'[39m,
  syscall: [32m'connect'[39m,
  fatal: [33mtrue[39m
}
